{"C:\\Users\\baotq\\Desktop\\real-world\\packages\\backend\\services\\mixins\\knexdb.mixin.js": {"path":"C:\\Users\\baotq\\Desktop\\real-world\\packages\\backend\\services\\mixins\\knexdb.mixin.js","statementMap":{"0":{"start":{"line":1,"column":24},"end":{"line":1,"column":52}},"1":{"start":{"line":2,"column":26},"end":{"line":2,"column":58}},"2":{"start":{"line":4,"column":0},"end":{"line":18,"column":1}},"3":{"start":{"line":5,"column":39},"end":{"line":5,"column":85}},"4":{"start":{"line":6,"column":20},"end":{"line":6,"column":35}},"5":{"start":{"line":7,"column":4},"end":{"line":9,"column":5}},"6":{"start":{"line":8,"column":8},"end":{"line":8,"column":73}},"7":{"start":{"line":10,"column":4},"end":{"line":17,"column":6}}},"fnMap":{"0":{"name":"(anonymous_0)","decl":{"start":{"line":4,"column":18},"end":{"line":4,"column":19}},"loc":{"start":{"line":4,"column":31},"end":{"line":18,"column":1}},"line":4}},"branchMap":{"0":{"loc":{"start":{"line":5,"column":39},"end":{"line":5,"column":85}},"type":"binary-expr","locations":[{"start":{"line":5,"column":39},"end":{"line":5,"column":46}},{"start":{"line":5,"column":50},"end":{"line":5,"column":85}}],"line":5},"1":{"loc":{"start":{"line":7,"column":4},"end":{"line":9,"column":5}},"type":"if","locations":[{"start":{"line":7,"column":4},"end":{"line":9,"column":5}},{"start":{"line":7,"column":4},"end":{"line":9,"column":5}}],"line":7}},"s":{"0":1,"1":1,"2":1,"3":2,"4":2,"5":2,"6":1,"7":1},"f":{"0":2},"b":{"0":[2,0],"1":[1,1]},"_coverageSchema":"1a1c01bbd47fc00a2c39e90264f33305004495a9","hash":"5254ae3aad124a66a49217c814682f9b19cb0a00"}
,"C:\\Users\\baotq\\Desktop\\real-world\\packages\\backend\\utils\\db.util.js": {"path":"C:\\Users\\baotq\\Desktop\\real-world\\packages\\backend\\utils\\db.util.js","statementMap":{"0":{"start":{"line":1,"column":25},"end":{"line":16,"column":1}},"1":{"start":{"line":8,"column":8},"end":{"line":8,"column":19}},"2":{"start":{"line":9,"column":4},"end":{"line":15,"column":5}},"3":{"start":{"line":18,"column":0},"end":{"line":33,"column":1}},"4":{"start":{"line":19,"column":23},"end":{"line":19,"column":41}},"5":{"start":{"line":24,"column":8},"end":{"line":24,"column":19}},"6":{"start":{"line":25,"column":4},"end":{"line":32,"column":6}}},"fnMap":{"0":{"name":"(anonymous_0)","decl":{"start":{"line":1,"column":25},"end":{"line":1,"column":26}},"loc":{"start":{"line":1,"column":31},"end":{"line":16,"column":1}},"line":1},"1":{"name":"(anonymous_1)","decl":{"start":{"line":18,"column":24},"end":{"line":18,"column":25}},"loc":{"start":{"line":18,"column":30},"end":{"line":33,"column":1}},"line":18}},"branchMap":{},"s":{"0":2,"1":3,"2":3,"3":2,"4":3,"5":3,"6":3},"f":{"0":3,"1":3},"b":{},"_coverageSchema":"1a1c01bbd47fc00a2c39e90264f33305004495a9","hash":"fcaf9098ee23a33cd67ba38982a258a5d61e0038"}
}
